[2026-04-25T10:00:00] Initial activity log created
[2026-04-27T18:50:24.967552] process started
[2026-04-27T21:54:54.266506] scan finished
[2026-04-27T21:54:56.775022] task completed
[2026-04-27T21:54:57.186740] process started
[2026-04-27T21:54:58.699910] operation successful
[2026-04-27T21:55:00.163218] check passed
[2026-04-27T23:14:45.780090] task completed
[2026-04-28T08:40:27.566977] update applied
[2026-04-28T08:40:27.588605] scan finished
[2026-04-28T16:28:19.140227] sync completed
[2026-04-28T16:28:19.952574] check passed
[2026-04-28T23:15:02.820587] update applied
[2026-04-28T23:15:05.565114] validation ok
[2026-04-28T23:15:08.214885] validation ok
[2026-04-29T08:34:49.266726] process started
[2026-04-29T08:34:50.746430] scan finished
[2026-04-29T08:34:53.681121] check passed
[2026-04-29T08:34:54.679869] check passed
[2026-04-29T08:34:55.782044] process started
[2026-04-29T08:34:57.326655] update applied
[2026-04-30T08:36:20.869804] update applied
[2026-04-30T16:08:45.168066] task completed
[2026-04-30T16:08:45.513349] process started
[2026-04-30T16:08:47.956026] operation successful
[2026-04-30T16:08:49.920051] process started
[2026-04-30T16:08:51.937928] process started
[2026-04-30T16:08:54.287399] task completed
[2026-04-30T16:08:54.342718] scan finished
[2026-04-30T16:08:55.649638] check passed
[2026-04-30T23:15:04.883720] process started
[2026-04-30T23:15:06.793015] validation ok
[2026-04-30T23:15:07.452095] update applied
[2026-04-30T23:15:10.396338] check passed
[2026-04-30T23:15:10.534454] scan finished
[2026-05-01T08:25:50.796065] scan finished
[2026-05-01T15:38:44.660208] task completed
[2026-05-01T15:38:45.744479] update applied
[2026-05-01T15:38:48.446754] process started
[2026-05-01T15:38:48.809448] process started
[2026-05-01T15:38:49.356481] operation successful
[2026-05-01T15:38:49.423812] sync completed
[2026-05-01T15:38:51.942532] process started
[2026-05-01T15:38:54.023113] check passed
[2026-05-01T23:11:32.237631] sync completed
[2026-05-01T23:11:32.644317] operation successful
[2026-05-02T15:31:48.569894] operation successful
[2026-05-02T15:31:51.424170] sync completed
[2026-05-02T23:06:52.276006] operation successful
[2026-05-02T23:06:53.535631] process started
[2026-05-02T23:06:54.262536] update applied
[2026-05-02T23:06:57.024894] validation ok
[2026-05-03T08:16:40.368108] scan finished
[2026-05-03T08:16:42.061792] operation successful
[2026-05-03T08:16:44.550753] validation ok
[2026-05-03T08:16:46.876468] update applied
[2026-05-03T15:30:24.128414] validation ok
[2026-05-03T15:30:26.002857] update applied
[2026-05-03T15:30:28.714548] task completed
[2026-05-03T15:30:29.572684] sync completed
[2026-05-03T15:30:31.986747] update applied
[2026-05-03T23:08:23.975911] scan finished
[2026-05-03T23:08:24.590208] update applied
[2026-05-03T23:08:26.438193] update applied
[2026-05-04T08:42:45.757771] process started
[2026-05-04T08:42:48.451263] task completed
[2026-05-04T08:42:48.831841] task completed
[2026-05-04T08:42:50.565484] update applied
[2026-05-04T08:42:53.110218] operation successful
[2026-05-04T08:42:55.459181] task completed
[2026-05-04T23:14:36.965297] process started
[2026-05-05T08:28:55.863813] validation ok
[2026-05-05T08:28:57.304708] process started
[2026-05-05T16:20:53.649103] operation successful
[2026-05-05T23:25:10.201451] sync completed
